INFO:     Will watch for changes in these directories: ['D:\\adobe\\frontendTesting\\harshalAdobe\\HARSHALADOBE']
INFO:     Uvicorn running on http://127.0.0.1:8000 (Press CTRL+C to quit)
INFO:     Started reloader process [35092] using WatchFiles
INFO:     Started server process [33484]
INFO:     Waiting for application startup.
INFO:     Application startup complete.
ERROR:    Exception in ASGI application
Traceback (most recent call last):
  File "D:\adobe\frontendTesting\harshalAdobe\HARSHALADOBE\backend\venv\Lib\site-packages\uvicorn\protocols\http\httptools_impl.py", line 409, in run_asgi
    result = await app(  # type: ignore[func-returns-value]
             ^^^^^^^^^^^^^^^^^^^^^^^^^^^^^^^^^^^^^^^^^^^^^^
        self.scope, self.receive, self.send
        ^^^^^^^^^^^^^^^^^^^^^^^^^^^^^^^^^^^
    )
    ^
  File "D:\adobe\frontendTesting\harshalAdobe\HARSHALADOBE\backend\venv\Lib\site-packages\uvicorn\middleware\proxy_headers.py", line 60, in __call__
    return await self.app(scope, receive, send)
           ^^^^^^^^^^^^^^^^^^^^^^^^^^^^^^^^^^^^
  File "D:\adobe\frontendTesting\harshalAdobe\HARSHALADOBE\backend\venv\Lib\site-packages\fastapi\applications.py", line 1054, in __call__
    await super().__call__(scope, receive, send)
  File "D:\adobe\frontendTesting\harshalAdobe\HARSHALADOBE\backend\venv\Lib\site-packages\starlette\applications.py", line 113, in __call__
    await self.middleware_stack(scope, receive, send)
  File "D:\adobe\frontendTesting\harshalAdobe\HARSHALADOBE\backend\venv\Lib\site-packages\starlette\middleware\errors.py", line 186, in __call__
    raise exc
  File "D:\adobe\frontendTesting\harshalAdobe\HARSHALADOBE\backend\venv\Lib\site-packages\starlette\middleware\errors.py", line 164, in __call__
    await self.app(scope, receive, _send)
  File "D:\adobe\frontendTesting\harshalAdobe\HARSHALADOBE\backend\venv\Lib\site-packages\starlette\middleware\cors.py", line 93, in __call__
    await self.simple_response(scope, receive, send, request_headers=headers)
  File "D:\adobe\frontendTesting\harshalAdobe\HARSHALADOBE\backend\venv\Lib\site-packages\starlette\middleware\cors.py", line 144, in simple_response
    await self.app(scope, receive, send)
  File "D:\adobe\frontendTesting\harshalAdobe\HARSHALADOBE\backend\venv\Lib\site-packages\starlette\middleware\exceptions.py", line 63, in __call__
    await wrap_app_handling_exceptions(self.app, conn)(scope, receive, send)
  File "D:\adobe\frontendTesting\harshalAdobe\HARSHALADOBE\backend\venv\Lib\site-packages\starlette\_exception_handler.py", line 53, in wrapped_app
    raise exc
  File "D:\adobe\frontendTesting\harshalAdobe\HARSHALADOBE\backend\venv\Lib\site-packages\starlette\_exception_handler.py", line 42, in wrapped_app
    await app(scope, receive, sender)
  File "D:\adobe\frontendTesting\harshalAdobe\HARSHALADOBE\backend\venv\Lib\site-packages\starlette\routing.py", line 716, in __call__
    await self.middleware_stack(scope, receive, send)
  File "D:\adobe\frontendTesting\harshalAdobe\HARSHALADOBE\backend\venv\Lib\site-packages\starlette\routing.py", line 736, in app
    await route.handle(scope, receive, send)
  File "D:\adobe\frontendTesting\harshalAdobe\HARSHALADOBE\backend\venv\Lib\site-packages\starlette\routing.py", line 290, in handle
    await self.app(scope, receive, send)
  File "D:\adobe\frontendTesting\harshalAdobe\HARSHALADOBE\backend\venv\Lib\site-packages\starlette\routing.py", line 78, in app
    await wrap_app_handling_exceptions(app, request)(scope, receive, send)
  File "D:\adobe\frontendTesting\harshalAdobe\HARSHALADOBE\backend\venv\Lib\site-packages\starlette\_exception_handler.py", line 53, in wrapped_app
    raise exc
  File "D:\adobe\frontendTesting\harshalAdobe\HARSHALADOBE\backend\venv\Lib\site-packages\starlette\_exception_handler.py", line 42, in wrapped_app
    await app(scope, receive, sender)
  File "D:\adobe\frontendTesting\harshalAdobe\HARSHALADOBE\backend\venv\Lib\site-packages\starlette\routing.py", line 75, in app
    response = await f(request)
               ^^^^^^^^^^^^^^^^
  File "D:\adobe\frontendTesting\harshalAdobe\HARSHALADOBE\backend\venv\Lib\site-packages\fastapi\routing.py", line 302, in app
    raw_response = await run_endpoint_function(
                   ^^^^^^^^^^^^^^^^^^^^^^^^^^^^
    ...<3 lines>...
    )
    ^
  File "D:\adobe\frontendTesting\harshalAdobe\HARSHALADOBE\backend\venv\Lib\site-packages\fastapi\routing.py", line 213, in run_endpoint_function
    return await dependant.call(**values)
           ^^^^^^^^^^^^^^^^^^^^^^^^^^^^^^
  File "D:\adobe\frontendTesting\harshalAdobe\HARSHALADOBE\backend\app\main.py", line 229, in get_related_sections
    related = find_related_sections(
        current_page=request.current_page,
    ...<4 lines>...
        limit=3
    )
  File "D:\adobe\frontendTesting\harshalAdobe\HARSHALADOBE\backend\app\document_intelligence.py", line 285, in find_related_sections
    explanation = generate_enhanced_relevance_explanation(section, current_section, persona, job)
  File "D:\adobe\frontendTesting\harshalAdobe\HARSHALADOBE\backend\app\document_intelligence.py", line 349, in generate_enhanced_relevance_explanation
    key_terms = list(common_job[:2])
                     ~~~~~~~~~~^^^^
TypeError: 'set' object is not subscriptable
ERROR:    Exception in ASGI application
Traceback (most recent call last):
  File "D:\adobe\frontendTesting\harshalAdobe\HARSHALADOBE\backend\venv\Lib\site-packages\uvicorn\protocols\http\httptools_impl.py", line 409, in run_asgi
    result = await app(  # type: ignore[func-returns-value]
             ^^^^^^^^^^^^^^^^^^^^^^^^^^^^^^^^^^^^^^^^^^^^^^
        self.scope, self.receive, self.send
        ^^^^^^^^^^^^^^^^^^^^^^^^^^^^^^^^^^^
    )
    ^
  File "D:\adobe\frontendTesting\harshalAdobe\HARSHALADOBE\backend\venv\Lib\site-packages\uvicorn\middleware\proxy_headers.py", line 60, in __call__
    return await self.app(scope, receive, send)
           ^^^^^^^^^^^^^^^^^^^^^^^^^^^^^^^^^^^^
  File "D:\adobe\frontendTesting\harshalAdobe\HARSHALADOBE\backend\venv\Lib\site-packages\fastapi\applications.py", line 1054, in __call__
    await super().__call__(scope, receive, send)
  File "D:\adobe\frontendTesting\harshalAdobe\HARSHALADOBE\backend\venv\Lib\site-packages\starlette\applications.py", line 113, in __call__
    await self.middleware_stack(scope, receive, send)
  File "D:\adobe\frontendTesting\harshalAdobe\HARSHALADOBE\backend\venv\Lib\site-packages\starlette\middleware\errors.py", line 186, in __call__
    raise exc
  File "D:\adobe\frontendTesting\harshalAdobe\HARSHALADOBE\backend\venv\Lib\site-packages\starlette\middleware\errors.py", line 164, in __call__
    await self.app(scope, receive, _send)
  File "D:\adobe\frontendTesting\harshalAdobe\HARSHALADOBE\backend\venv\Lib\site-packages\starlette\middleware\cors.py", line 93, in __call__
    await self.simple_response(scope, receive, send, request_headers=headers)
  File "D:\adobe\frontendTesting\harshalAdobe\HARSHALADOBE\backend\venv\Lib\site-packages\starlette\middleware\cors.py", line 144, in simple_response
    await self.app(scope, receive, send)
  File "D:\adobe\frontendTesting\harshalAdobe\HARSHALADOBE\backend\venv\Lib\site-packages\starlette\middleware\exceptions.py", line 63, in __call__
    await wrap_app_handling_exceptions(self.app, conn)(scope, receive, send)
  File "D:\adobe\frontendTesting\harshalAdobe\HARSHALADOBE\backend\venv\Lib\site-packages\starlette\_exception_handler.py", line 53, in wrapped_app
    raise exc
  File "D:\adobe\frontendTesting\harshalAdobe\HARSHALADOBE\backend\venv\Lib\site-packages\starlette\_exception_handler.py", line 42, in wrapped_app
    await app(scope, receive, sender)
  File "D:\adobe\frontendTesting\harshalAdobe\HARSHALADOBE\backend\venv\Lib\site-packages\starlette\routing.py", line 716, in __call__
    await self.middleware_stack(scope, receive, send)
  File "D:\adobe\frontendTesting\harshalAdobe\HARSHALADOBE\backend\venv\Lib\site-packages\starlette\routing.py", line 736, in app
    await route.handle(scope, receive, send)
  File "D:\adobe\frontendTesting\harshalAdobe\HARSHALADOBE\backend\venv\Lib\site-packages\starlette\routing.py", line 290, in handle
    await self.app(scope, receive, send)
  File "D:\adobe\frontendTesting\harshalAdobe\HARSHALADOBE\backend\venv\Lib\site-packages\starlette\routing.py", line 78, in app
    await wrap_app_handling_exceptions(app, request)(scope, receive, send)
  File "D:\adobe\frontendTesting\harshalAdobe\HARSHALADOBE\backend\venv\Lib\site-packages\starlette\_exception_handler.py", line 53, in wrapped_app
    raise exc
  File "D:\adobe\frontendTesting\harshalAdobe\HARSHALADOBE\backend\venv\Lib\site-packages\starlette\_exception_handler.py", line 42, in wrapped_app
    await app(scope, receive, sender)
  File "D:\adobe\frontendTesting\harshalAdobe\HARSHALADOBE\backend\venv\Lib\site-packages\starlette\routing.py", line 75, in app
    response = await f(request)
               ^^^^^^^^^^^^^^^^
  File "D:\adobe\frontendTesting\harshalAdobe\HARSHALADOBE\backend\venv\Lib\site-packages\fastapi\routing.py", line 302, in app
    raw_response = await run_endpoint_function(
                   ^^^^^^^^^^^^^^^^^^^^^^^^^^^^
    ...<3 lines>...
    )
    ^
  File "D:\adobe\frontendTesting\harshalAdobe\HARSHALADOBE\backend\venv\Lib\site-packages\fastapi\routing.py", line 213, in run_endpoint_function
    return await dependant.call(**values)
           ^^^^^^^^^^^^^^^^^^^^^^^^^^^^^^
  File "D:\adobe\frontendTesting\harshalAdobe\HARSHALADOBE\backend\app\main.py", line 229, in get_related_sections
    related = find_related_sections(
        current_page=request.current_page,
    ...<4 lines>...
        limit=3
    )
  File "D:\adobe\frontendTesting\harshalAdobe\HARSHALADOBE\backend\app\document_intelligence.py", line 285, in find_related_sections
    explanation = generate_enhanced_relevance_explanation(section, current_section, persona, job)
  File "D:\adobe\frontendTesting\harshalAdobe\HARSHALADOBE\backend\app\document_intelligence.py", line 343, in generate_enhanced_relevance_explanation
    key_terms = list(common_current[:2])
                     ~~~~~~~~~~~~~~^^^^
TypeError: 'set' object is not subscriptable
ERROR:    Exception in ASGI application
Traceback (most recent call last):
  File "D:\adobe\frontendTesting\harshalAdobe\HARSHALADOBE\backend\venv\Lib\site-packages\uvicorn\protocols\http\httptools_impl.py", line 409, in run_asgi
    result = await app(  # type: ignore[func-returns-value]
             ^^^^^^^^^^^^^^^^^^^^^^^^^^^^^^^^^^^^^^^^^^^^^^
        self.scope, self.receive, self.send
        ^^^^^^^^^^^^^^^^^^^^^^^^^^^^^^^^^^^
    )
    ^
  File "D:\adobe\frontendTesting\harshalAdobe\HARSHALADOBE\backend\venv\Lib\site-packages\uvicorn\middleware\proxy_headers.py", line 60, in __call__
    return await self.app(scope, receive, send)
           ^^^^^^^^^^^^^^^^^^^^^^^^^^^^^^^^^^^^
  File "D:\adobe\frontendTesting\harshalAdobe\HARSHALADOBE\backend\venv\Lib\site-packages\fastapi\applications.py", line 1054, in __call__
    await super().__call__(scope, receive, send)
  File "D:\adobe\frontendTesting\harshalAdobe\HARSHALADOBE\backend\venv\Lib\site-packages\starlette\applications.py", line 113, in __call__
    await self.middleware_stack(scope, receive, send)
  File "D:\adobe\frontendTesting\harshalAdobe\HARSHALADOBE\backend\venv\Lib\site-packages\starlette\middleware\errors.py", line 186, in __call__
    raise exc
  File "D:\adobe\frontendTesting\harshalAdobe\HARSHALADOBE\backend\venv\Lib\site-packages\starlette\middleware\errors.py", line 164, in __call__
    await self.app(scope, receive, _send)
  File "D:\adobe\frontendTesting\harshalAdobe\HARSHALADOBE\backend\venv\Lib\site-packages\starlette\middleware\cors.py", line 93, in __call__
    await self.simple_response(scope, receive, send, request_headers=headers)
  File "D:\adobe\frontendTesting\harshalAdobe\HARSHALADOBE\backend\venv\Lib\site-packages\starlette\middleware\cors.py", line 144, in simple_response
    await self.app(scope, receive, send)
  File "D:\adobe\frontendTesting\harshalAdobe\HARSHALADOBE\backend\venv\Lib\site-packages\starlette\middleware\exceptions.py", line 63, in __call__
    await wrap_app_handling_exceptions(self.app, conn)(scope, receive, send)
  File "D:\adobe\frontendTesting\harshalAdobe\HARSHALADOBE\backend\venv\Lib\site-packages\starlette\_exception_handler.py", line 53, in wrapped_app
    raise exc
  File "D:\adobe\frontendTesting\harshalAdobe\HARSHALADOBE\backend\venv\Lib\site-packages\starlette\_exception_handler.py", line 42, in wrapped_app
    await app(scope, receive, sender)
  File "D:\adobe\frontendTesting\harshalAdobe\HARSHALADOBE\backend\venv\Lib\site-packages\starlette\routing.py", line 716, in __call__
    await self.middleware_stack(scope, receive, send)
  File "D:\adobe\frontendTesting\harshalAdobe\HARSHALADOBE\backend\venv\Lib\site-packages\starlette\routing.py", line 736, in app
    await route.handle(scope, receive, send)
  File "D:\adobe\frontendTesting\harshalAdobe\HARSHALADOBE\backend\venv\Lib\site-packages\starlette\routing.py", line 290, in handle
    await self.app(scope, receive, send)
  File "D:\adobe\frontendTesting\harshalAdobe\HARSHALADOBE\backend\venv\Lib\site-packages\starlette\routing.py", line 78, in app
    await wrap_app_handling_exceptions(app, request)(scope, receive, send)
  File "D:\adobe\frontendTesting\harshalAdobe\HARSHALADOBE\backend\venv\Lib\site-packages\starlette\_exception_handler.py", line 53, in wrapped_app
    raise exc
  File "D:\adobe\frontendTesting\harshalAdobe\HARSHALADOBE\backend\venv\Lib\site-packages\starlette\_exception_handler.py", line 42, in wrapped_app
    await app(scope, receive, sender)
  File "D:\adobe\frontendTesting\harshalAdobe\HARSHALADOBE\backend\venv\Lib\site-packages\starlette\routing.py", line 75, in app
    response = await f(request)
               ^^^^^^^^^^^^^^^^
  File "D:\adobe\frontendTesting\harshalAdobe\HARSHALADOBE\backend\venv\Lib\site-packages\fastapi\routing.py", line 302, in app
    raw_response = await run_endpoint_function(
                   ^^^^^^^^^^^^^^^^^^^^^^^^^^^^
    ...<3 lines>...
    )
    ^
  File "D:\adobe\frontendTesting\harshalAdobe\HARSHALADOBE\backend\venv\Lib\site-packages\fastapi\routing.py", line 213, in run_endpoint_function
    return await dependant.call(**values)
           ^^^^^^^^^^^^^^^^^^^^^^^^^^^^^^
  File "D:\adobe\frontendTesting\harshalAdobe\HARSHALADOBE\backend\app\main.py", line 229, in get_related_sections
    related = find_related_sections(
        current_page=request.current_page,
    ...<4 lines>...
        limit=3
    )
  File "D:\adobe\frontendTesting\harshalAdobe\HARSHALADOBE\backend\app\document_intelligence.py", line 285, in find_related_sections
    explanation = generate_enhanced_relevance_explanation(section, current_section, persona, job)
  File "D:\adobe\frontendTesting\harshalAdobe\HARSHALADOBE\backend\app\document_intelligence.py", line 343, in generate_enhanced_relevance_explanation
    key_terms = list(common_current[:2])
                     ~~~~~~~~~~~~~~^^^^
TypeError: 'set' object is not subscriptable
ERROR:    Exception in ASGI application
Traceback (most recent call last):
  File "D:\adobe\frontendTesting\harshalAdobe\HARSHALADOBE\backend\venv\Lib\site-packages\uvicorn\protocols\http\httptools_impl.py", line 409, in run_asgi
    result = await app(  # type: ignore[func-returns-value]
             ^^^^^^^^^^^^^^^^^^^^^^^^^^^^^^^^^^^^^^^^^^^^^^
        self.scope, self.receive, self.send
        ^^^^^^^^^^^^^^^^^^^^^^^^^^^^^^^^^^^
    )
    ^
  File "D:\adobe\frontendTesting\harshalAdobe\HARSHALADOBE\backend\venv\Lib\site-packages\uvicorn\middleware\proxy_headers.py", line 60, in __call__
    return await self.app(scope, receive, send)
           ^^^^^^^^^^^^^^^^^^^^^^^^^^^^^^^^^^^^
  File "D:\adobe\frontendTesting\harshalAdobe\HARSHALADOBE\backend\venv\Lib\site-packages\fastapi\applications.py", line 1054, in __call__
    await super().__call__(scope, receive, send)
  File "D:\adobe\frontendTesting\harshalAdobe\HARSHALADOBE\backend\venv\Lib\site-packages\starlette\applications.py", line 113, in __call__
    await self.middleware_stack(scope, receive, send)
  File "D:\adobe\frontendTesting\harshalAdobe\HARSHALADOBE\backend\venv\Lib\site-packages\starlette\middleware\errors.py", line 186, in __call__
    raise exc
  File "D:\adobe\frontendTesting\harshalAdobe\HARSHALADOBE\backend\venv\Lib\site-packages\starlette\middleware\errors.py", line 164, in __call__
    await self.app(scope, receive, _send)
  File "D:\adobe\frontendTesting\harshalAdobe\HARSHALADOBE\backend\venv\Lib\site-packages\starlette\middleware\cors.py", line 93, in __call__
    await self.simple_response(scope, receive, send, request_headers=headers)
  File "D:\adobe\frontendTesting\harshalAdobe\HARSHALADOBE\backend\venv\Lib\site-packages\starlette\middleware\cors.py", line 144, in simple_response
    await self.app(scope, receive, send)
  File "D:\adobe\frontendTesting\harshalAdobe\HARSHALADOBE\backend\venv\Lib\site-packages\starlette\middleware\exceptions.py", line 63, in __call__
    await wrap_app_handling_exceptions(self.app, conn)(scope, receive, send)
  File "D:\adobe\frontendTesting\harshalAdobe\HARSHALADOBE\backend\venv\Lib\site-packages\starlette\_exception_handler.py", line 53, in wrapped_app
    raise exc
  File "D:\adobe\frontendTesting\harshalAdobe\HARSHALADOBE\backend\venv\Lib\site-packages\starlette\_exception_handler.py", line 42, in wrapped_app
    await app(scope, receive, sender)
  File "D:\adobe\frontendTesting\harshalAdobe\HARSHALADOBE\backend\venv\Lib\site-packages\starlette\routing.py", line 716, in __call__
    await self.middleware_stack(scope, receive, send)
  File "D:\adobe\frontendTesting\harshalAdobe\HARSHALADOBE\backend\venv\Lib\site-packages\starlette\routing.py", line 736, in app
    await route.handle(scope, receive, send)
  File "D:\adobe\frontendTesting\harshalAdobe\HARSHALADOBE\backend\venv\Lib\site-packages\starlette\routing.py", line 290, in handle
    await self.app(scope, receive, send)
  File "D:\adobe\frontendTesting\harshalAdobe\HARSHALADOBE\backend\venv\Lib\site-packages\starlette\routing.py", line 78, in app
    await wrap_app_handling_exceptions(app, request)(scope, receive, send)
  File "D:\adobe\frontendTesting\harshalAdobe\HARSHALADOBE\backend\venv\Lib\site-packages\starlette\_exception_handler.py", line 53, in wrapped_app
    raise exc
  File "D:\adobe\frontendTesting\harshalAdobe\HARSHALADOBE\backend\venv\Lib\site-packages\starlette\_exception_handler.py", line 42, in wrapped_app
    await app(scope, receive, sender)
  File "D:\adobe\frontendTesting\harshalAdobe\HARSHALADOBE\backend\venv\Lib\site-packages\starlette\routing.py", line 75, in app
    response = await f(request)
               ^^^^^^^^^^^^^^^^
  File "D:\adobe\frontendTesting\harshalAdobe\HARSHALADOBE\backend\venv\Lib\site-packages\fastapi\routing.py", line 302, in app
    raw_response = await run_endpoint_function(
                   ^^^^^^^^^^^^^^^^^^^^^^^^^^^^
    ...<3 lines>...
    )
    ^
  File "D:\adobe\frontendTesting\harshalAdobe\HARSHALADOBE\backend\venv\Lib\site-packages\fastapi\routing.py", line 213, in run_endpoint_function
    return await dependant.call(**values)
           ^^^^^^^^^^^^^^^^^^^^^^^^^^^^^^
  File "D:\adobe\frontendTesting\harshalAdobe\HARSHALADOBE\backend\app\main.py", line 229, in get_related_sections
    related = find_related_sections(
        current_page=request.current_page,
    ...<4 lines>...
        limit=3
    )
  File "D:\adobe\frontendTesting\harshalAdobe\HARSHALADOBE\backend\app\document_intelligence.py", line 285, in find_related_sections
    explanation = generate_enhanced_relevance_explanation(section, current_section, persona, job)
  File "D:\adobe\frontendTesting\harshalAdobe\HARSHALADOBE\backend\app\document_intelligence.py", line 343, in generate_enhanced_relevance_explanation
    key_terms = list(common_current[:2])
                     ~~~~~~~~~~~~~~^^^^
TypeError: 'set' object is not subscriptable
